c:\users\chiang\documents\github\bodydetectionwithinspecificrange\bodydetectionwithinspecificrange\release\vc120.pdb
c:\users\chiang\documents\github\bodydetectionwithinspecificrange\bodydetectionwithinspecificrange\release\test.obj
c:\users\chiang\documents\github\bodydetectionwithinspecificrange\bodydetectionwithinspecificrange\release\bodydetection.obj
c:\users\chiang\documents\github\bodydetectionwithinspecificrange\bodydetectionwithinspecificrange\release\main_bodydetection.obj
c:\users\chiang\documents\github\bodydetectionwithinspecificrange\bodydetectionwithinspecificrange\release\tcpstream.obj
c:\users\chiang\documents\github\bodydetectionwithinspecificrange\bodydetectionwithinspecificrange\release\tcpconnector.obj
c:\users\chiang\documents\github\bodydetectionwithinspecificrange\bodydetectionwithinspecificrange\release\tcpexceptions.obj
c:\users\chiang\documents\github\bodydetectionwithinspecificrange\bodydetectionwithinspecificrange\release\k4wv2toopencv.obj
c:\users\chiang\documents\github\bodydetectionwithinspecificrange\bodydetectionwithinspecificrange\release\kinect2exceptions.obj
c:\users\geminoid\documents\github\bodydetectionwithinspecificrange\bodydetectionwithinspecificrange\release\vc120.pdb
c:\users\geminoid\documents\github\bodydetectionwithinspecificrange\bodydetectionwithinspecificrange\release\test.obj
c:\users\geminoid\documents\github\bodydetectionwithinspecificrange\bodydetectionwithinspecificrange\release\bodydetection.obj
c:\users\geminoid\documents\github\bodydetectionwithinspecificrange\bodydetectionwithinspecificrange\release\main_bodydetection.obj
c:\users\geminoid\documents\github\bodydetectionwithinspecificrange\bodydetectionwithinspecificrange\release\tcpstream.obj
c:\users\geminoid\documents\github\bodydetectionwithinspecificrange\bodydetectionwithinspecificrange\release\tcpconnector.obj
c:\users\geminoid\documents\github\bodydetectionwithinspecificrange\bodydetectionwithinspecificrange\release\tcpexceptions.obj
c:\users\geminoid\documents\github\bodydetectionwithinspecificrange\bodydetectionwithinspecificrange\release\k4wv2toopencv.obj
c:\users\geminoid\documents\github\bodydetectionwithinspecificrange\bodydetectionwithinspecificrange\release\kinect2exceptions.obj
c:\users\geminoid\desktop\bodydetectionwithinspecificrange\bodydetectionwithinspecificrange\release\vc120.pdb
c:\users\geminoid\desktop\bodydetectionwithinspecificrange\bodydetectionwithinspecificrange\release\test.obj
c:\users\geminoid\desktop\bodydetectionwithinspecificrange\bodydetectionwithinspecificrange\release\bodydetection.obj
c:\users\geminoid\desktop\bodydetectionwithinspecificrange\bodydetectionwithinspecificrange\release\main_bodydetection.obj
c:\users\geminoid\desktop\bodydetectionwithinspecificrange\bodydetectionwithinspecificrange\release\tcpstream.obj
c:\users\geminoid\desktop\bodydetectionwithinspecificrange\bodydetectionwithinspecificrange\release\tcpconnector.obj
c:\users\geminoid\desktop\bodydetectionwithinspecificrange\bodydetectionwithinspecificrange\release\tcpexceptions.obj
c:\users\geminoid\desktop\bodydetectionwithinspecificrange\bodydetectionwithinspecificrange\release\k4wv2toopencv.obj
c:\users\geminoid\desktop\bodydetectionwithinspecificrange\bodydetectionwithinspecificrange\release\kinect2exceptions.obj
c:\users\chiang\documents\github\bodydetectionwithinspecificrange\bin\release\bodydetectionwithinspecificrange.exe
c:\users\chiang\documents\github\bodydetectionwithinspecificrange\bin\release\bodydetectionwithinspecificrange.pdb
c:\users\geminoid\documents\github\bodydetectionwithinspecificrange\bin\release\bodydetectionwithinspecificrange.exe
c:\users\geminoid\documents\github\bodydetectionwithinspecificrange\bin\release\bodydetectionwithinspecificrange.pdb
c:\users\geminoid\desktop\bodydetectionwithinspecificrange\\bin\release\bodydetectionwithinspecificrange.pdb
c:\users\geminoid\desktop\bodydetectionwithinspecificrange\\bin\release\bodydetectionwithinspecificrange.exe
c:\users\geminoid\desktop\bodydetectionwithinspecificrange\bodydetectionwithinspecificrange\release\bodydete.f6cd12f6.tlog\cl.command.1.tlog
c:\users\geminoid\desktop\bodydetectionwithinspecificrange\bodydetectionwithinspecificrange\release\bodydete.f6cd12f6.tlog\cl.read.1.tlog
c:\users\geminoid\desktop\bodydetectionwithinspecificrange\bodydetectionwithinspecificrange\release\bodydete.f6cd12f6.tlog\cl.write.1.tlog
c:\users\geminoid\desktop\bodydetectionwithinspecificrange\bodydetectionwithinspecificrange\release\bodydete.f6cd12f6.tlog\link.command.1.tlog
c:\users\geminoid\desktop\bodydetectionwithinspecificrange\bodydetectionwithinspecificrange\release\bodydete.f6cd12f6.tlog\link.read.1.tlog
c:\users\geminoid\desktop\bodydetectionwithinspecificrange\bodydetectionwithinspecificrange\release\bodydete.f6cd12f6.tlog\link.write.1.tlog
