Build started 2014/11/03 16:29:44.
     1>Project "C:\Users\geminoid\Documents\Github\BodyDetectionWithInSpecificRange\BodyDetectionWithinSpecificRange\BodyDetectionWithinSpecificRange.vcxproj" on node 2 (Build target(s)).
     1>ClCompile:
         C:\Program Files (x86)\Microsoft Visual Studio 12.0\VC\bin\CL.exe /c /Zi /nologo /W3 /WX- /sdl /O2 /Oi /Oy- /GL /D _MBCS /Gm- /EHsc /MD /GS /Gy /fp:precise /Zc:wchar_t /Zc:forScope /Fo"Release\\" /Fd"Release\vc120.pdb" /Gd /TP /analyze- /errorReport:prompt ..\Include\K4Wv2ToOpenCV\Kinect2Exceptions.cpp ..\Include\K4Wv2ToOpenCV\K4Wv2ToOpenCV.cpp ..\Include\TCPClient\TCPExceptions.cpp ..\Include\TCPClient\TCPConnector.cpp ..\Include\TCPClient\TCPStream.cpp main_BodyDetection.cpp BodyDetection\BodyDetection.cpp test.cpp
         Kinect2Exceptions.cpp
         K4Wv2ToOpenCV.cpp
         TCPExceptions.cpp
         TCPConnector.cpp
         TCPStream.cpp
         main_BodyDetection.cpp
         BodyDetection.cpp
         test.cpp
       Link:
         C:\Program Files (x86)\Microsoft Visual Studio 12.0\VC\bin\link.exe /ERRORREPORT:PROMPT /OUT:"C:\Users\geminoid\Documents\Github\BodyDetectionWithInSpecificRange\\Bin\Release\BodyDetectionWithinSpecificRange.exe" /NOLOGO ws2_32.lib KCBv2.lib Kinect20.lib Kinect20.Face.lib Kinect20.Fusion.lib Kinect20.VisualGestureBuilder.lib opencv_core2410.lib opencv_highgui2410.lib opencv_imgproc2410.lib kernel32.lib user32.lib gdi32.lib winspool.lib comdlg32.lib advapi32.lib shell32.lib ole32.lib oleaut32.lib uuid.lib odbc32.lib odbccp32.lib /MANIFEST /MANIFESTUAC:"level='asInvoker' uiAccess='false'" /manifest:embed /DEBUG /PDB:"C:\Users\geminoid\Documents\Github\BodyDetectionWithInSpecificRange\\Bin\Release\BodyDetectionWithinSpecificRange.pdb" /OPT:REF /OPT:ICF /LTCG /TLBID:1 /DYNAMICBASE /NXCOMPAT /IMPLIB:"C:\Users\geminoid\Documents\Github\BodyDetectionWithInSpecificRange\\Bin\Release\BodyDetectionWithinSpecificRange.lib" /MACHINE:X86 /SAFESEH Release\Kinect2Exceptions.obj
         Release\K4Wv2ToOpenCV.obj
         Release\TCPExceptions.obj
         Release\TCPConnector.obj
         Release\TCPStream.obj
         Release\main_BodyDetection.obj
         Release\BodyDetection.obj
         Release\test.obj
         Generating code
         Finished generating code
         BodyDetectionWithinSpecificRange.vcxproj -> C:\Users\geminoid\Documents\Github\BodyDetectionWithInSpecificRange\\Bin\Release\BodyDetectionWithinSpecificRange.exe
       PostBuildEvent:
         xcopy "C:\Users\geminoid\Documents\Github\BodyDetectionWithInSpecificRange\BodyDetectionWithinSpecificRange\BodyDetection.cfg" "C:\Users\geminoid\Documents\Github\BodyDetectionWithInSpecificRange\\Bin\Release\" /y /i /r
         :VCEnd
         C:\Users\geminoid\Documents\Github\BodyDetectionWithInSpecificRange\BodyDetectionWithinSpecificRange\BodyDetection.cfg
         1 個のファイルをコピーしました
     1>Done Building Project "C:\Users\geminoid\Documents\Github\BodyDetectionWithInSpecificRange\BodyDetectionWithinSpecificRange\BodyDetectionWithinSpecificRange.vcxproj" (Build target(s)).

Build succeeded.

Time Elapsed 00:00:08.09
