Build started 2014/12/01 14:53:17.
     1>Project "C:\Users\geminoid\Documents\Github\BodyDetectionWithInSpecificRange\BodyDetectionWithinSpecificRange\BodyDetectionWithinSpecificRange.vcxproj" on node 2 (Build target(s)).
     1>ClCompile:
         C:\Program Files (x86)\Microsoft Visual Studio 12.0\VC\bin\CL.exe /c /ZI /nologo /W3 /WX- /sdl /Od /Oy- /D _DEBUG /D _MBCS /Gm /EHsc /RTC1 /MDd /GS /fp:precise /Zc:wchar_t /Zc:forScope /Fo"Debug\\" /Fd"Debug\vc120.pdb" /Gd /TP /analyze- /errorReport:prompt BodyDetection\BodyDetection.cpp
         BodyDetection.cpp
       Link:
         C:\Program Files (x86)\Microsoft Visual Studio 12.0\VC\bin\link.exe /ERRORREPORT:PROMPT /OUT:"C:\Users\geminoid\Documents\Github\BodyDetectionWithInSpecificRange\\Bin\Debug\BodyDetectionWithinSpecificRange.exe" /INCREMENTAL /NOLOGO ws2_32.lib KCBv2.lib Kinect20.lib Kinect20.Face.lib Kinect20.VisualGestureBuilder.lib opencv_core2410d.lib opencv_highgui2410d.lib opencv_imgproc2410d.lib kernel32.lib user32.lib gdi32.lib winspool.lib comdlg32.lib advapi32.lib shell32.lib ole32.lib oleaut32.lib uuid.lib odbc32.lib odbccp32.lib /MANIFEST /MANIFESTUAC:"level='asInvoker' uiAccess='false'" /manifest:embed /DEBUG /PDB:"C:\Users\geminoid\Documents\Github\BodyDetectionWithInSpecificRange\\Bin\Debug\BodyDetectionWithinSpecificRange.pdb" /TLBID:1 /DYNAMICBASE /NXCOMPAT /IMPLIB:"C:\Users\geminoid\Documents\Github\BodyDetectionWithInSpecificRange\\Bin\Debug\BodyDetectionWithinSpecificRange.lib" /MACHINE:X86 Debug\Kinect2Exceptions.obj
         Debug\K4Wv2ToOpenCV.obj
         Debug\TCPExceptions.obj
         Debug\TCPConnector.obj
         Debug\TCPStream.obj
         Debug\main_BodyDetection.obj
         Debug\BodyDetection.obj
         Debug\test.obj
         BodyDetectionWithinSpecificRange.vcxproj -> C:\Users\geminoid\Documents\Github\BodyDetectionWithInSpecificRange\\Bin\Debug\BodyDetectionWithinSpecificRange.exe
       PostBuildEvent:
         xcopy "C:\Users\geminoid\Documents\Github\BodyDetectionWithInSpecificRange\BodyDetectionWithinSpecificRange\BodyDetection.cfg" "C:\Users\geminoid\Documents\Github\BodyDetectionWithInSpecificRange\\Bin\Debug\" /y /i /r
         :VCEnd
         C:\Users\geminoid\Documents\Github\BodyDetectionWithInSpecificRange\BodyDetectionWithinSpecificRange\BodyDetection.cfg
         1 個のファイルをコピーしました
     1>Done Building Project "C:\Users\geminoid\Documents\Github\BodyDetectionWithInSpecificRange\BodyDetectionWithinSpecificRange\BodyDetectionWithinSpecificRange.vcxproj" (Build target(s)).

Build succeeded.

Time Elapsed 00:00:01.65
