c:\users\chiang\documents\github\bodydetectionwithinspecificrange\bodydetectionwithinspecificrange\debug\vc120.pdb
c:\users\chiang\documents\github\bodydetectionwithinspecificrange\bodydetectionwithinspecificrange\debug\vc120.idb
c:\users\chiang\documents\github\bodydetectionwithinspecificrange\bodydetectionwithinspecificrange\debug\kinect2exceptions.obj
c:\users\chiang\documents\github\bodydetectionwithinspecificrange\bodydetectionwithinspecificrange\debug\k4wv2toopencv.obj
c:\users\chiang\documents\github\bodydetectionwithinspecificrange\bodydetectionwithinspecificrange\debug\tcpexceptions.obj
c:\users\chiang\documents\github\bodydetectionwithinspecificrange\bodydetectionwithinspecificrange\debug\tcpconnector.obj
c:\users\chiang\documents\github\bodydetectionwithinspecificrange\bodydetectionwithinspecificrange\debug\tcpstream.obj
c:\users\chiang\documents\github\bodydetectionwithinspecificrange\bodydetectionwithinspecificrange\debug\main_bodydetection.obj
c:\users\chiang\documents\github\bodydetectionwithinspecificrange\bodydetectionwithinspecificrange\debug\bodydetection.obj
c:\users\chiang\documents\github\bodydetectionwithinspecificrange\bodydetectionwithinspecificrange\debug\test.obj
c:\users\chiang\documents\github\bodydetectionwithinspecificrange\\bin\debug\bodydetectionwithinspecificrange.pdb
c:\users\chiang\documents\github\bodydetectionwithinspecificrange\bodydetectionwithinspecificrange\debug\bodydete.f6cd12f6.tlog\cl.command.1.tlog
c:\users\chiang\documents\github\bodydetectionwithinspecificrange\bodydetectionwithinspecificrange\debug\bodydete.f6cd12f6.tlog\cl.read.1.tlog
c:\users\chiang\documents\github\bodydetectionwithinspecificrange\bodydetectionwithinspecificrange\debug\bodydete.f6cd12f6.tlog\cl.write.1.tlog
c:\users\chiang\documents\github\bodydetectionwithinspecificrange\bodydetectionwithinspecificrange\debug\bodydete.f6cd12f6.tlog\link.5684-cvtres.read.1.tlog
c:\users\chiang\documents\github\bodydetectionwithinspecificrange\bodydetectionwithinspecificrange\debug\bodydete.f6cd12f6.tlog\link.5684-cvtres.write.1.tlog
c:\users\chiang\documents\github\bodydetectionwithinspecificrange\bodydetectionwithinspecificrange\debug\bodydete.f6cd12f6.tlog\link.5684-rc.read.1.tlog
c:\users\chiang\documents\github\bodydetectionwithinspecificrange\bodydetectionwithinspecificrange\debug\bodydete.f6cd12f6.tlog\link.5684-rc.write.1.tlog
c:\users\chiang\documents\github\bodydetectionwithinspecificrange\bodydetectionwithinspecificrange\debug\bodydete.f6cd12f6.tlog\link.5684.read.1.tlog
c:\users\chiang\documents\github\bodydetectionwithinspecificrange\bodydetectionwithinspecificrange\debug\bodydete.f6cd12f6.tlog\link.5684.write.1.tlog
c:\users\chiang\documents\github\bodydetectionwithinspecificrange\bodydetectionwithinspecificrange\debug\bodydete.f6cd12f6.tlog\link.command.1.tlog
c:\users\chiang\documents\github\bodydetectionwithinspecificrange\bodydetectionwithinspecificrange\debug\bodydete.f6cd12f6.tlog\link.read.1.tlog
c:\users\chiang\documents\github\bodydetectionwithinspecificrange\bodydetectionwithinspecificrange\debug\bodydete.f6cd12f6.tlog\link.write.1.tlog
